C:\USERS\TRAVIS\DESKTOP\CS475\PROJECT6\FIRST\DEBUG\FIRST.OBJ
C:\USERS\TRAVIS\DESKTOP\CS475\PROJECT6\FIRST\DEBUG\VC110.PDB
C:\USERS\TRAVIS\DESKTOP\CS475\PROJECT6\FIRST\DEBUG\FIRST.ILK
C:\USERS\TRAVIS\DESKTOP\CS475\PROJECT6\FIRST\DEBUG\FIRST.EXE
C:\USERS\TRAVIS\DESKTOP\CS475\PROJECT6\FIRST\DEBUG\FIRST.PDB
C:\Users\Travis\Desktop\cs475\project6\First\Debug\first.obj
C:\Users\Travis\Desktop\cs475\project6\First\Debug\First.ilk
C:\Users\Travis\Desktop\cs475\project6\First\Debug\cl.command.1.tlog
C:\Users\Travis\Desktop\cs475\project6\First\Debug\CL.read.1.tlog
C:\Users\Travis\Desktop\cs475\project6\First\Debug\CL.write.1.tlog
C:\Users\Travis\Desktop\cs475\project6\First\Debug\link-cvtres.read.1.tlog
C:\Users\Travis\Desktop\cs475\project6\First\Debug\link-cvtres.write.1.tlog
C:\Users\Travis\Desktop\cs475\project6\First\Debug\link-rc.read.1.tlog
C:\Users\Travis\Desktop\cs475\project6\First\Debug\link-rc.write.1.tlog
C:\Users\Travis\Desktop\cs475\project6\First\Debug\link.command.1.tlog
C:\Users\Travis\Desktop\cs475\project6\First\Debug\link.read.1.tlog
C:\Users\Travis\Desktop\cs475\project6\First\Debug\link.write.1.tlog
C:\Users\Travis\Desktop\cs475\project6\First\Debug\vc110.idb
C:\Users\Travis\Desktop\cs475\project6\First\Debug\First.pdb
C:\Users\Travis\Desktop\cs475\project6\First\Debug\vc110.pdb
C:\Users\Travis\Desktop\cs475\project6\First\Debug\First.exe
